<?xml version="1.0" encoding="UTF-8"?>
<testsuite name="com.api.ApiApplicationTests" tests="1" skipped="0" failures="0" errors="0" timestamp="2026-02-08T02:19:59.237Z" hostname="alviens-MacBook-Pro-2.local" time="2.503">
  <properties/>
  <testcase name="contextLoads()" classname="com.api.ApiApplicationTests" time="0.207"/>
  <system-out><![CDATA[15:19:59.308 [Test worker] INFO org.springframework.test.context.support.AnnotationConfigContextLoaderUtils -- Could not detect default configuration classes for test class [com.api.ApiApplicationTests]: ApiApplicationTests does not declare any static, non-private, non-final, nested classes annotated with @Configuration.
15:19:59.391 [Test worker] INFO org.springframework.boot.test.context.SpringBootTestContextBootstrapper -- Found @SpringBootConfiguration com.api.ApiApplication for test class com.api.ApiApplicationTests

  .   ____          _            __ _ _
 /\\ / ___'_ __ _ _(_)_ __  __ _ \ \ \ \
( ( )\___ | '_ | '_| | '_ \/ _` | \ \ \ \
 \\/  ___)| |_)| | | | | || (_| |  ) ) ) )
  '  |____| .__|_| |_|_| |_\__, | / / / /
 =========|_|==============|___/=/_/_/_/

 :: Spring Boot ::                (v3.5.0)

2026-02-08T15:19:59.666+13:00  INFO 34047 --- [api] [    Test worker] com.api.ApiApplicationTests              : Starting ApiApplicationTests using Java 24 with PID 34047 (started by biboy in /Users/biboy/Desktop/projects/rubber-ducky-api)
2026-02-08T15:19:59.668+13:00  INFO 34047 --- [api] [    Test worker] com.api.ApiApplicationTests              : No active profile set, falling back to 1 default profile: "default"
2026-02-08T15:20:00.167+13:00  INFO 34047 --- [api] [    Test worker] .s.d.r.c.RepositoryConfigurationDelegate : Bootstrapping Spring Data JPA repositories in DEFAULT mode.
2026-02-08T15:20:00.218+13:00  INFO 34047 --- [api] [    Test worker] .s.d.r.c.RepositoryConfigurationDelegate : Finished Spring Data repository scanning in 47 ms. Found 2 JPA repository interfaces.
2026-02-08T15:20:00.381+13:00  INFO 34047 --- [api] [    Test worker] o.hibernate.jpa.internal.util.LogHelper  : HHH000204: Processing PersistenceUnitInfo [name: default]
2026-02-08T15:20:00.394+13:00  INFO 34047 --- [api] [    Test worker] org.hibernate.Version                    : HHH000412: Hibernate ORM core version 6.6.15.Final
2026-02-08T15:20:00.403+13:00  INFO 34047 --- [api] [    Test worker] o.h.c.internal.RegionFactoryInitiator    : HHH000026: Second-level cache disabled
2026-02-08T15:20:00.490+13:00  INFO 34047 --- [api] [    Test worker] o.s.o.j.p.SpringPersistenceUnitInfo      : No LoadTimeWeaver setup: ignoring JPA class transformer
2026-02-08T15:20:00.499+13:00  INFO 34047 --- [api] [    Test worker] com.zaxxer.hikari.HikariDataSource       : HikariPool-1 - Starting...
2026-02-08T15:20:00.581+13:00  INFO 34047 --- [api] [    Test worker] com.zaxxer.hikari.pool.HikariPool        : HikariPool-1 - Added connection org.postgresql.jdbc.PgConnection@43b4ec0c
2026-02-08T15:20:00.582+13:00  INFO 34047 --- [api] [    Test worker] com.zaxxer.hikari.HikariDataSource       : HikariPool-1 - Start completed.
2026-02-08T15:20:00.607+13:00  INFO 34047 --- [api] [    Test worker] org.hibernate.orm.connections.pooling    : HHH10001005: Database info:
	Database JDBC URL [Connecting through datasource 'HikariDataSource (HikariPool-1)']
	Database driver: undefined/unknown
	Database version: 16.11
	Autocommit mode: undefined/unknown
	Isolation level: undefined/unknown
	Minimum pool size: undefined/unknown
	Maximum pool size: undefined/unknown
2026-02-08T15:20:00.886+13:00  INFO 34047 --- [api] [    Test worker] o.h.e.t.j.p.i.JtaPlatformInitiator       : HHH000489: No JTA platform available (set 'hibernate.transaction.jta.platform' to enable JTA platform integration)
2026-02-08T15:20:01.014+13:00  INFO 34047 --- [api] [    Test worker] j.LocalContainerEntityManagerFactoryBean : Initialized JPA EntityManagerFactory for persistence unit 'default'
2026-02-08T15:20:01.280+13:00  WARN 34047 --- [api] [    Test worker] JpaBaseConfiguration$JpaWebConfiguration : spring.jpa.open-in-view is enabled by default. Therefore, database queries may be performed during view rendering. Explicitly configure spring.jpa.open-in-view to disable this warning
2026-02-08T15:20:01.440+13:00  INFO 34047 --- [api] [    Test worker] com.api.ApiApplicationTests              : Started ApiApplicationTests in 1.95 seconds (process running for 2.643)
Hibernate: select nextval('transcript_seq')
Hibernate: select nextval('feedback_seq')
Hibernate: insert into feedback (clarity,id) values (?,?)
Hibernate: insert into transcript (duration,feedback_id,lang,text,user_id,id) values (?,?,?,?,?,?)
Hibernate: insert into feedback_improvements (feedback_id,improvements) values (?,?)
Hibernate: insert into feedback_improvements (feedback_id,improvements) values (?,?)
Hibernate: insert into feedback_improvements (feedback_id,improvements) values (?,?)
Hibernate: insert into feedback_strengths (feedback_id,strengths) values (?,?)
Hibernate: insert into feedback_strengths (feedback_id,strengths) values (?,?)
Hibernate: insert into feedback_strengths (feedback_id,strengths) values (?,?)
Hibernate: select f1_0.id,f1_0.clarity from feedback f1_0 where f1_0.id=?
Hibernate: select i1_0.feedback_id,i1_0.improvements from feedback_improvements i1_0 where i1_0.feedback_id=?
Hibernate: select s1_0.feedback_id,s1_0.strengths from feedback_strengths s1_0 where s1_0.feedback_id=?
2026-02-08T15:20:01.484+13:00  INFO 34047 --- [api] [    Test worker] com.api.DataLoad                         : Customers found with findAll():
2026-02-08T15:20:01.485+13:00  INFO 34047 --- [api] [    Test worker] com.api.DataLoad                         : -------------------------------
Hibernate: select t1_0.id,t1_0.duration,t1_0.feedback_id,t1_0.lang,t1_0.text,t1_0.user_id from transcript t1_0
Hibernate: select f1_0.id,f1_0.clarity from feedback f1_0 where f1_0.id=?
Hibernate: select f1_0.id,f1_0.clarity from feedback f1_0 where f1_0.id=?
Hibernate: select f1_0.id,f1_0.clarity from feedback f1_0 where f1_0.id=?
Hibernate: select f1_0.id,f1_0.clarity from feedback f1_0 where f1_0.id=?
Hibernate: select f1_0.id,f1_0.clarity from feedback f1_0 where f1_0.id=?
Hibernate: select f1_0.id,f1_0.clarity from feedback f1_0 where f1_0.id=?
Hibernate: select f1_0.id,f1_0.clarity from feedback f1_0 where f1_0.id=?
Hibernate: select f1_0.id,f1_0.clarity from feedback f1_0 where f1_0.id=?
Hibernate: select f1_0.id,f1_0.clarity from feedback f1_0 where f1_0.id=?
2026-02-08T15:20:01.525+13:00  INFO 34047 --- [api] [    Test worker] com.api.DataLoad                         : Transcript[id=1, userId=0, text='hii', lang='eng', duration=100.000000]
2026-02-08T15:20:01.526+13:00  INFO 34047 --- [api] [    Test worker] com.api.DataLoad                         : -------------------------------
2026-02-08T15:20:01.526+13:00  INFO 34047 --- [api] [    Test worker] com.api.DataLoad                         : 1000.0
2026-02-08T15:20:01.526+13:00  INFO 34047 --- [api] [    Test worker] com.api.DataLoad                         : Transcript[id=2, userId=0, text='hii', lang='eng', duration=100.000000]
2026-02-08T15:20:01.526+13:00  INFO 34047 --- [api] [    Test worker] com.api.DataLoad                         : -------------------------------
2026-02-08T15:20:01.526+13:00  INFO 34047 --- [api] [    Test worker] com.api.DataLoad                         : 1000.0
2026-02-08T15:20:01.526+13:00  INFO 34047 --- [api] [    Test worker] com.api.DataLoad                         : Transcript[id=52, userId=0, text='hii', lang='eng', duration=100.000000]
2026-02-08T15:20:01.526+13:00  INFO 34047 --- [api] [    Test worker] com.api.DataLoad                         : -------------------------------
2026-02-08T15:20:01.526+13:00  INFO 34047 --- [api] [    Test worker] com.api.DataLoad                         : 1000.0
2026-02-08T15:20:01.526+13:00  INFO 34047 --- [api] [    Test worker] com.api.DataLoad                         : Transcript[id=102, userId=0, text='hiissssss', lang='eng', duration=100.000000]
2026-02-08T15:20:01.526+13:00  INFO 34047 --- [api] [    Test worker] com.api.DataLoad                         : -------------------------------
2026-02-08T15:20:01.526+13:00  INFO 34047 --- [api] [    Test worker] com.api.DataLoad                         : 1000.0
2026-02-08T15:20:01.526+13:00  INFO 34047 --- [api] [    Test worker] com.api.DataLoad                         : Transcript[id=152, userId=0, text='hiissssss', lang='eng', duration=100.000000]
2026-02-08T15:20:01.526+13:00  INFO 34047 --- [api] [    Test worker] com.api.DataLoad                         : -------------------------------
2026-02-08T15:20:01.526+13:00  INFO 34047 --- [api] [    Test worker] com.api.DataLoad                         : 1000.0
2026-02-08T15:20:01.526+13:00  INFO 34047 --- [api] [    Test worker] com.api.DataLoad                         : Transcript[id=202, userId=0, text='hiissssss', lang='eng', duration=100.000000]
2026-02-08T15:20:01.526+13:00  INFO 34047 --- [api] [    Test worker] com.api.DataLoad                         : -------------------------------
2026-02-08T15:20:01.526+13:00  INFO 34047 --- [api] [    Test worker] com.api.DataLoad                         : 1000.0
2026-02-08T15:20:01.527+13:00  INFO 34047 --- [api] [    Test worker] com.api.DataLoad                         : Transcript[id=252, userId=0, text='hiissssss', lang='eng', duration=100.000000]
2026-02-08T15:20:01.527+13:00  INFO 34047 --- [api] [    Test worker] com.api.DataLoad                         : -------------------------------
2026-02-08T15:20:01.527+13:00  INFO 34047 --- [api] [    Test worker] com.api.DataLoad                         : 1000.0
2026-02-08T15:20:01.527+13:00  INFO 34047 --- [api] [    Test worker] com.api.DataLoad                         : Transcript[id=302, userId=0, text='hiissssss', lang='eng', duration=100.000000]
2026-02-08T15:20:01.527+13:00  INFO 34047 --- [api] [    Test worker] com.api.DataLoad                         : -------------------------------
2026-02-08T15:20:01.527+13:00  INFO 34047 --- [api] [    Test worker] com.api.DataLoad                         : 1000.0
2026-02-08T15:20:01.527+13:00  INFO 34047 --- [api] [    Test worker] com.api.DataLoad                         : Transcript[id=352, userId=0, text='hiissssss', lang='eng', duration=100.000000]
2026-02-08T15:20:01.527+13:00  INFO 34047 --- [api] [    Test worker] com.api.DataLoad                         : -------------------------------
2026-02-08T15:20:01.527+13:00  INFO 34047 --- [api] [    Test worker] com.api.DataLoad                         : 1000.0
2026-02-08T15:20:01.527+13:00  INFO 34047 --- [api] [    Test worker] com.api.DataLoad                         : 
]]></system-out>
  <system-err><![CDATA[Mockito is currently self-attaching to enable the inline-mock-maker. This will no longer work in future releases of the JDK. Please add Mockito as an agent to your build as described in Mockito's documentation: https://javadoc.io/doc/org.mockito/mockito-core/latest/org.mockito/org/mockito/Mockito.html#0.3
WARNING: A Java agent has been loaded dynamically (/Users/biboy/.gradle/caches/modules-2/files-2.1/net.bytebuddy/byte-buddy-agent/1.17.5/58f9507f5f28d1d3e7adfb4ec2fe37c29d332c9b/byte-buddy-agent-1.17.5.jar)
WARNING: If a serviceability tool is in use, please run with -XX:+EnableDynamicAgentLoading to hide this warning
WARNING: If a serviceability tool is not in use, please run with -Djdk.instrument.traceUsage for more information
WARNING: Dynamic loading of agents will be disallowed by default in a future release
]]></system-err>
</testsuite>
