<?xml version="1.0" encoding="UTF-8"?>
<testsuite name="com.api.ApiApplicationTests" tests="1" skipped="0" failures="0" errors="0" timestamp="2026-02-07T01:50:12.699Z" hostname="alviens-MacBook-Pro-2.local" time="1.399">
  <properties/>
  <testcase name="contextLoads()" classname="com.api.ApiApplicationTests" time="0.234"/>
  <system-out><![CDATA[14:50:12.756 [Test worker] INFO org.springframework.test.context.support.AnnotationConfigContextLoaderUtils -- Could not detect default configuration classes for test class [com.api.ApiApplicationTests]: ApiApplicationTests does not declare any static, non-private, non-final, nested classes annotated with @Configuration.
14:50:12.789 [Test worker] INFO org.springframework.boot.test.context.SpringBootTestContextBootstrapper -- Found @SpringBootConfiguration com.api.ApiApplication for test class com.api.ApiApplicationTests

  .   ____          _            __ _ _
 /\\ / ___'_ __ _ _(_)_ __  __ _ \ \ \ \
( ( )\___ | '_ | '_| | '_ \/ _` | \ \ \ \
 \\/  ___)| |_)| | | | | || (_| |  ) ) ) )
  '  |____| .__|_| |_|_| |_\__, | / / / /
 =========|_|==============|___/=/_/_/_/

 :: Spring Boot ::                (v4.0.2)

2026-02-07T14:50:12.903+13:00  INFO 5043 --- [api] [    Test worker] com.api.ApiApplicationTests              : Starting ApiApplicationTests using Java 24 with PID 5043 (started by biboy in /Users/biboy/Desktop/projects/rubber-ducky-api)
2026-02-07T14:50:12.903+13:00  INFO 5043 --- [api] [    Test worker] com.api.ApiApplicationTests              : No active profile set, falling back to 1 default profile: "default"
2026-02-07T14:50:13.054+13:00  INFO 5043 --- [api] [    Test worker] .s.d.r.c.RepositoryConfigurationDelegate : Bootstrapping Spring Data JPA repositories in DEFAULT mode.
2026-02-07T14:50:13.066+13:00  INFO 5043 --- [api] [    Test worker] .s.d.r.c.RepositoryConfigurationDelegate : Finished Spring Data repository scanning in 9 ms. Found 1 JPA repository interface.
2026-02-07T14:50:13.180+13:00  INFO 5043 --- [api] [    Test worker] org.hibernate.orm.jpa                    : HHH008540: Processing PersistenceUnitInfo [name: default]
2026-02-07T14:50:13.194+13:00  INFO 5043 --- [api] [    Test worker] org.hibernate.orm.core                   : HHH000001: Hibernate ORM core version 7.2.1.Final
2026-02-07T14:50:13.327+13:00  INFO 5043 --- [api] [    Test worker] o.s.o.j.p.SpringPersistenceUnitInfo      : No LoadTimeWeaver setup: ignoring JPA class transformer
2026-02-07T14:50:13.337+13:00  INFO 5043 --- [api] [    Test worker] com.zaxxer.hikari.HikariDataSource       : HikariPool-1 - Starting...
2026-02-07T14:50:13.389+13:00  INFO 5043 --- [api] [    Test worker] com.zaxxer.hikari.pool.HikariPool        : HikariPool-1 - Added connection conn0: url=jdbc:h2:mem:testdb user=SA
2026-02-07T14:50:13.389+13:00  INFO 5043 --- [api] [    Test worker] com.zaxxer.hikari.HikariDataSource       : HikariPool-1 - Start completed.
2026-02-07T14:50:13.396+13:00  WARN 5043 --- [api] [    Test worker] org.hibernate.orm.deprecation            : HHH90000025: H2Dialect does not need to be specified explicitly using 'hibernate.dialect' (remove the property setting and it will be selected by default)
2026-02-07T14:50:13.404+13:00  INFO 5043 --- [api] [    Test worker] org.hibernate.orm.connections.pooling    : HHH10001005: Database info:
	Database JDBC URL [jdbc:h2:mem:testdb]
	Database driver: H2 JDBC Driver
	Database dialect: H2Dialect
	Database version: 2.4.240
	Default catalog/schema: TESTDB/PUBLIC
	Autocommit mode: undefined/unknown
	Isolation level: READ_COMMITTED [default READ_COMMITTED]
	JDBC fetch size: 100
	Pool: DataSourceConnectionProvider
	Minimum pool size: undefined/unknown
	Maximum pool size: undefined/unknown
2026-02-07T14:50:13.662+13:00  INFO 5043 --- [api] [    Test worker] org.hibernate.orm.core                   : HHH000489: No JTA platform available (set 'hibernate.transaction.jta.platform' to enable JTA platform integration)
2026-02-07T14:50:13.675+13:00  INFO 5043 --- [api] [    Test worker] j.LocalContainerEntityManagerFactoryBean : Initialized JPA EntityManagerFactory for persistence unit 'default'
2026-02-07T14:50:13.706+13:00  INFO 5043 --- [api] [    Test worker] o.s.d.j.r.query.QueryEnhancerFactories   : Hibernate is in classpath; If applicable, HQL parser will be used.
2026-02-07T14:50:13.782+13:00  INFO 5043 --- [api] [    Test worker] com.api.ApiApplicationTests              : Started ApiApplicationTests in 0.949 seconds (process running for 1.376)
2026-02-07T14:50:13.812+13:00  INFO 5043 --- [api] [    Test worker] com.api.ApiApplication                   : Customers found with findAll():
2026-02-07T14:50:13.812+13:00  INFO 5043 --- [api] [    Test worker] com.api.ApiApplication                   : -------------------------------
2026-02-07T14:50:13.863+13:00  INFO 5043 --- [api] [    Test worker] com.api.ApiApplication                   : Transcript[id=1, userId=0, text='hii', lang='eng', duration=100.000000]
2026-02-07T14:50:13.863+13:00  INFO 5043 --- [api] [    Test worker] com.api.ApiApplication                   : 
]]></system-out>
  <system-err><![CDATA[Mockito is currently self-attaching to enable the inline-mock-maker. This will no longer work in future releases of the JDK. Please add Mockito as an agent to your build as described in Mockito's documentation: https://javadoc.io/doc/org.mockito/mockito-core/latest/org.mockito/org/mockito/Mockito.html#0.3
WARNING: A Java agent has been loaded dynamically (/Users/biboy/.gradle/caches/modules-2/files-2.1/net.bytebuddy/byte-buddy-agent/1.17.8/f09415827a71be7ed621c7bd02550678f28bc81c/byte-buddy-agent-1.17.8.jar)
WARNING: If a serviceability tool is in use, please run with -XX:+EnableDynamicAgentLoading to hide this warning
WARNING: If a serviceability tool is not in use, please run with -Djdk.instrument.traceUsage for more information
WARNING: Dynamic loading of agents will be disallowed by default in a future release
]]></system-err>
</testsuite>
